<?xml version="1.0" encoding="UTF-8"?>
<testng-results ignored="0" total="1" passed="1" failed="0" skipped="0">
  <reporter-output>
  </reporter-output>
  <suite started-at="2020-02-02T05:33:24Z" name="Default suite" finished-at="2020-02-02T05:33:24Z" duration-ms="24">
    <groups>
    </groups>
    <test started-at="2020-02-02T05:33:24Z" name="Default test" finished-at="2020-02-02T05:33:24Z" duration-ms="24">
      <class name="com.rest_testRequest.GetTest">
        <test-method signature="TestApp()[pri:0, instance:com.rest_testRequest.GetTest@61009542]" started-at="2020-02-02T05:33:24Z" name="TestApp" finished-at="2020-02-02T05:33:24Z" duration-ms="7" status="PASS">
          <reporter-output>
          </reporter-output>
        </test-method> <!-- TestApp -->
      </class> <!-- com.rest_testRequest.GetTest -->
    </test> <!-- Default test -->
  </suite> <!-- Default suite -->
</testng-results>
